<?xml version="1.0" encoding="UTF-8"?>
<!-- Generated by org.testng.reporters.JUnitReportReporter -->
<testsuite hostname="DESKTOP-6LNL8LB" failures="0" tests="1" name="testscript.ClientpageTestNew" time="7.801" errors="0" timestamp="2024-11-29T19:43:12 IST" skipped="0">
  <testcase classname="testscript.ClientpageTestNew" name="verifyIfTheUSerIsAbleToSearchTheClientDetails" time="7.801"/>
  <system-out/>
</testsuite> <!-- testscript.ClientpageTestNew -->
