<?xml version="1.0" encoding="UTF-8"?>
<!-- Generated by org.testng.reporters.JUnitReportReporter -->
<testsuite hostname="DESKTOP-6LNL8LB" failures="0" tests="1" name="testscript.Clientpage_Test" time="16.373" errors="0" timestamp="2024-11-29T21:36:45 IST" skipped="0">
  <testcase classname="testscript.Clientpage_Test" name="verifyIfTheUSerIsAbleToSearchTheClientDetails" time="16.373"/>
  <system-out/>
</testsuite> <!-- testscript.Clientpage_Test -->
