<?xml version="1.0" encoding="UTF-8"?>
<!-- Generated by org.testng.reporters.JUnitReportReporter -->
<testsuite hostname="DESKTOP-6LNL8LB" failures="0" tests="3" name="testscript.NewTest" time="0.031" errors="0" timestamp="2024-11-27T12:04:15 IST" skipped="0">
  <testcase classname="testscript.NewTest" name="cdisplay" time="0.014"/>
  <system-out/>
  <testcase classname="testscript.NewTest" name="bdisplay" time="0.012"/>
  <system-out/>
  <testcase classname="testscript.NewTest" name="adisplay" time="0.005"/>
  <system-out/>
</testsuite> <!-- testscript.NewTest -->
