<?xml version="1.0" encoding="UTF-8"?>
<!-- Generated by org.testng.reporters.JUnitReportReporter -->
<testsuite hostname="DESKTOP-6LNL8LB" failures="0" tests="1" name="testscript.NewTest2" time="0.031" errors="0" timestamp="2024-11-27T12:04:15 IST" skipped="0">
  <testcase classname="testscript.NewTest2" name="f" time="0.031"/>
  <system-out/>
</testsuite> <!-- testscript.NewTest2 -->
